<testng-results>
  <reporter-output>
  </reporter-output>
  <suite name="bibliotecamvc">
    <groups>
    </groups>
    <test name="es.cea.dao.implement.DaoAutorTest">
      <class name="es.cea.dao.implement.DaoAutorTest">
        <test-method status="PASS" signature="eliminarAutorLista()" name="eliminarAutorLista" duration-ms="0" started-at="2009-02-16T15:26:51Z" finished-at="2009-02-16T15:26:51Z">
        </test-method>
        <test-method status="PASS" signature="obtenerAutorLista()" name="obtenerAutorLista" duration-ms="16" started-at="2009-02-16T15:26:51Z" finished-at="2009-02-16T15:26:51Z">
        </test-method>
        <test-method status="PASS" signature="agregarAutorLista()" name="agregarAutorLista" duration-ms="0" started-at="2009-02-16T15:26:51Z" finished-at="2009-02-16T15:26:51Z">
        </test-method>
      </class>
    </test>
  </suite>
</testng-results>
