<testng-results>
  <reporter-output>
  </reporter-output>
  <suite name="bibliotecamvc">
    <groups>
    </groups>
    <test name="es.cea.servicios.ServicioCalendarioTest">
      <class name="es.cea.servicios.ServicioCalendarioTest">
        <test-method status="PASS" signature="stringToCalendario()" name="stringToCalendario" duration-ms="15" started-at="2009-02-16T16:58:30Z" finished-at="2009-02-16T16:58:30Z">
        </test-method>
        <test-method status="PASS" signature="calendarioToString()" name="calendarioToString" duration-ms="0" started-at="2009-02-16T16:58:30Z" finished-at="2009-02-16T16:58:30Z">
        </test-method>
        <test-method status="PASS" signature="comprobarIntervalo()" name="comprobarIntervalo" duration-ms="0" started-at="2009-02-16T16:58:30Z" finished-at="2009-02-16T16:58:30Z">
        </test-method>
      </class>
    </test>
  </suite>
</testng-results>
